2023-01-05 16:40:22.361 [main] WARN  org.springframework.boot.StartupInfoLogger - InetAddress.getLocalHost().getHostName() took 5005 milliseconds to respond. Please verify your network configuration (macOS machines may need to add entries to /etc/hosts). 
2023-01-05 16:40:27.369 [main] WARN  org.springframework.boot.system.ApplicationPid - ManagementFactory.getRuntimeMXBean().getName() took 5006 milliseconds to respond. This may be due to slow host name resolution. Please verify your network configuration (macOS machines may need to add entries to /etc/hosts). 
2023-01-05 16:40:27.370 [main] INFO  c.e.springbootbasic.SpringbootBasicApplication - Starting SpringbootBasicApplication using Java 1.8.0_311 on FORDPZHANG-MB3 with PID 28777 (/Users/zhangfan/fordpzhang/designPattrn_1/springboot-basic/target/classes started by zhangfan in /Users/zhangfan/fordpzhang/designPattrn_1/springboot-basic) 
2023-01-05 16:40:27.371 [main] INFO  c.e.springbootbasic.SpringbootBasicApplication - No active profile set, falling back to 1 default profile: "default" 
2023-01-05 16:40:28.142 [main] INFO  o.s.boot.web.embedded.tomcat.TomcatWebServer - Tomcat initialized with port(s): 80 (http) 
2023-01-05 16:40:28.148 [main] INFO  org.apache.coyote.http11.Http11NioProtocol - Initializing ProtocolHandler ["http-nio-80"] 
2023-01-05 16:40:28.149 [main] INFO  org.apache.catalina.core.StandardService - Starting service [Tomcat] 
2023-01-05 16:40:28.149 [main] INFO  org.apache.catalina.core.StandardEngine - Starting Servlet engine: [Apache Tomcat/9.0.70] 
2023-01-05 16:40:28.236 [main] INFO  o.a.c.core.ContainerBase.[Tomcat].[localhost].[/] - Initializing Spring embedded WebApplicationContext 
2023-01-05 16:40:28.237 [main] INFO  o.s.b.w.s.c.ServletWebServerApplicationContext - Root WebApplicationContext: initialization completed in 828 ms 
2023-01-05 16:40:28.663 [main] INFO  org.apache.coyote.http11.Http11NioProtocol - Starting ProtocolHandler ["http-nio-80"] 
2023-01-05 16:40:28.685 [main] INFO  o.s.boot.web.embedded.tomcat.TomcatWebServer - Tomcat started on port(s): 80 (http) with context path '' 
2023-01-05 16:40:28.692 [main] INFO  c.e.springbootbasic.SpringbootBasicApplication - Started SpringbootBasicApplication in 21.649 seconds (JVM running for 27.236) 
2023-01-05 16:59:25.603 [main] WARN  org.springframework.boot.StartupInfoLogger - InetAddress.getLocalHost().getHostName() took 5002 milliseconds to respond. Please verify your network configuration (macOS machines may need to add entries to /etc/hosts). 
2023-01-05 16:59:30.611 [main] WARN  org.springframework.boot.system.ApplicationPid - ManagementFactory.getRuntimeMXBean().getName() took 5006 milliseconds to respond. This may be due to slow host name resolution. Please verify your network configuration (macOS machines may need to add entries to /etc/hosts). 
2023-01-05 16:59:30.613 [main] INFO  c.e.springbootbasic.SpringbootBasicApplication - Starting SpringbootBasicApplication using Java 1.8.0_311 on FORDPZHANG-MB3 with PID 37349 (/Users/zhangfan/fordpzhang/designPattrn_1/springboot-basic/target/classes started by zhangfan in /Users/zhangfan/fordpzhang/designPattrn_1/springboot-basic) 
2023-01-05 16:59:30.614 [main] INFO  c.e.springbootbasic.SpringbootBasicApplication - No active profile set, falling back to 1 default profile: "default" 
2023-01-05 16:59:31.444 [main] INFO  o.s.boot.web.embedded.tomcat.TomcatWebServer - Tomcat initialized with port(s): 80 (http) 
2023-01-05 16:59:31.450 [main] INFO  org.apache.coyote.http11.Http11NioProtocol - Initializing ProtocolHandler ["http-nio-80"] 
2023-01-05 16:59:31.451 [main] INFO  org.apache.catalina.core.StandardService - Starting service [Tomcat] 
2023-01-05 16:59:31.451 [main] INFO  org.apache.catalina.core.StandardEngine - Starting Servlet engine: [Apache Tomcat/9.0.70] 
2023-01-05 16:59:31.540 [main] INFO  o.a.c.core.ContainerBase.[Tomcat].[localhost].[/] - Initializing Spring embedded WebApplicationContext 
2023-01-05 16:59:31.540 [main] INFO  o.s.b.w.s.c.ServletWebServerApplicationContext - Root WebApplicationContext: initialization completed in 886 ms 
2023-01-05 16:59:32.001 [main] INFO  org.apache.coyote.http11.Http11NioProtocol - Starting ProtocolHandler ["http-nio-80"] 
2023-01-05 16:59:32.024 [main] INFO  o.s.boot.web.embedded.tomcat.TomcatWebServer - Tomcat started on port(s): 80 (http) with context path '' 
2023-01-05 16:59:32.033 [main] INFO  c.e.springbootbasic.SpringbootBasicApplication - Started SpringbootBasicApplication in 21.753 seconds (JVM running for 27.392) 
2023-01-05 16:59:40.033 [http-nio-80-exec-1] INFO  o.a.c.core.ContainerBase.[Tomcat].[localhost].[/] - Initializing Spring DispatcherServlet 'dispatcherServlet' 
2023-01-05 16:59:40.034 [http-nio-80-exec-1] INFO  org.springframework.web.servlet.DispatcherServlet - Initializing Servlet 'dispatcherServlet' 
2023-01-05 16:59:40.034 [http-nio-80-exec-1] INFO  org.springframework.web.servlet.DispatcherServlet - Completed initialization in 0 ms 
2023-01-05 16:59:40.058 [http-nio-80-exec-1] INFO  c.e.springbootbasic.controller.UserController - 测试logger标签 
2023-01-05 16:59:40.058 [http-nio-80-exec-1] WARN  c.e.springbootbasic.controller.UserController - 测试logger标签 
2023-01-05 16:59:40.058 [http-nio-80-exec-1] ERROR c.e.springbootbasic.controller.UserController - 测试logger标签 
2023-01-05 16:59:40.062 [http-nio-80-exec-1] INFO  com.zaxxer.hikari.HikariDataSource - HikariPool-1 - Starting... 
2023-01-05 16:59:40.328 [http-nio-80-exec-1] INFO  com.zaxxer.hikari.HikariDataSource - HikariPool-1 - Start completed. 
2023-01-05 17:06:10.123 [HikariPool-1 housekeeper] WARN  com.zaxxer.hikari.pool.HikariPool - HikariPool-1 - Thread starvation or clock leap detected (housekeeper delta=1m29s630ms). 
